Determining if the include file dbmalloc.h exists failed with the following output:
Change Dir: /work/build/CMakeFiles/CMakeTmp

Run Build Command(s):/usr/bin/make cmTC_6c33f/fast && /usr/bin/make -f CMakeFiles/cmTC_6c33f.dir/build.make CMakeFiles/cmTC_6c33f.dir/build
make[1]: Entering directory '/work/build/CMakeFiles/CMakeTmp'
Building C object CMakeFiles/cmTC_6c33f.dir/CheckIncludeFile.c.o
/usr/bin/cc    -o CMakeFiles/cmTC_6c33f.dir/CheckIncludeFile.c.o   -c /work/build/CMakeFiles/CMakeTmp/CheckIncludeFile.c
/work/build/CMakeFiles/CMakeTmp/CheckIncludeFile.c:1:10: fatal error: dbmalloc.h: No such file or directory
    1 | #include <dbmalloc.h>
      |          ^~~~~~~~~~~~
compilation terminated.
make[1]: *** [CMakeFiles/cmTC_6c33f.dir/build.make:66: CMakeFiles/cmTC_6c33f.dir/CheckIncludeFile.c.o] Error 1
make[1]: Leaving directory '/work/build/CMakeFiles/CMakeTmp'
make: *** [Makefile:121: cmTC_6c33f/fast] Error 2



Performing C SOURCE FILE Test CMAKE_HAVE_LIBC_PTHREAD failed with the following output:
Change Dir: /work/build/CMakeFiles/CMakeTmp

Run Build Command(s):/usr/bin/make cmTC_fe4d8/fast && /usr/bin/make -f CMakeFiles/cmTC_fe4d8.dir/build.make CMakeFiles/cmTC_fe4d8.dir/build
make[1]: Entering directory '/work/build/CMakeFiles/CMakeTmp'
Building C object CMakeFiles/cmTC_fe4d8.dir/src.c.o
/usr/bin/cc   -DCMAKE_HAVE_LIBC_PTHREAD   -o CMakeFiles/cmTC_fe4d8.dir/src.c.o   -c /work/build/CMakeFiles/CMakeTmp/src.c
Linking C executable cmTC_fe4d8
/usr/bin/cmake -E cmake_link_script CMakeFiles/cmTC_fe4d8.dir/link.txt --verbose=1
/usr/bin/cc  -DCMAKE_HAVE_LIBC_PTHREAD    -rdynamic CMakeFiles/cmTC_fe4d8.dir/src.c.o  -o cmTC_fe4d8 
/usr/bin/ld: CMakeFiles/cmTC_fe4d8.dir/src.c.o: in function `main':
src.c:(.text+0x46): undefined reference to `pthread_create'
/usr/bin/ld: src.c:(.text+0x52): undefined reference to `pthread_detach'
/usr/bin/ld: src.c:(.text+0x63): undefined reference to `pthread_join'
collect2: error: ld returned 1 exit status
make[1]: *** [CMakeFiles/cmTC_fe4d8.dir/build.make:87: cmTC_fe4d8] Error 1
make[1]: Leaving directory '/work/build/CMakeFiles/CMakeTmp'
make: *** [Makefile:121: cmTC_fe4d8/fast] Error 2


Source file was:
#include <pthread.h>

void* test_func(void* data)
{
  return data;
}

int main(void)
{
  pthread_t thread;
  pthread_create(&thread, NULL, test_func, NULL);
  pthread_detach(thread);
  pthread_join(thread, NULL);
  pthread_atfork(NULL, NULL, NULL);
  pthread_exit(NULL);

  return 0;
}

Determining if the function pthread_create exists in the pthreads failed with the following output:
Change Dir: /work/build/CMakeFiles/CMakeTmp

Run Build Command(s):/usr/bin/make cmTC_44566/fast && /usr/bin/make -f CMakeFiles/cmTC_44566.dir/build.make CMakeFiles/cmTC_44566.dir/build
make[1]: Entering directory '/work/build/CMakeFiles/CMakeTmp'
Building C object CMakeFiles/cmTC_44566.dir/CheckFunctionExists.c.o
/usr/bin/cc   -DCHECK_FUNCTION_EXISTS=pthread_create   -o CMakeFiles/cmTC_44566.dir/CheckFunctionExists.c.o   -c /usr/share/cmake-3.16/Modules/CheckFunctionExists.c
Linking C executable cmTC_44566
/usr/bin/cmake -E cmake_link_script CMakeFiles/cmTC_44566.dir/link.txt --verbose=1
/usr/bin/cc  -DCHECK_FUNCTION_EXISTS=pthread_create    -rdynamic CMakeFiles/cmTC_44566.dir/CheckFunctionExists.c.o  -o cmTC_44566  -lpthreads 
/usr/bin/ld: cannot find -lpthreads
collect2: error: ld returned 1 exit status
make[1]: *** [CMakeFiles/cmTC_44566.dir/build.make:87: cmTC_44566] Error 1
make[1]: Leaving directory '/work/build/CMakeFiles/CMakeTmp'
make: *** [Makefile:121: cmTC_44566/fast] Error 2



Determining if the Q_WS_WIN exist failed with the following output:
Change Dir: /work/build/CMakeFiles/CMakeTmp

Run Build Command(s):/usr/bin/make cmTC_00e08/fast && /usr/bin/make -f CMakeFiles/cmTC_00e08.dir/build.make CMakeFiles/cmTC_00e08.dir/build
make[1]: Entering directory '/work/build/CMakeFiles/CMakeTmp'
Building CXX object CMakeFiles/cmTC_00e08.dir/CheckSymbolExists.cxx.o
/usr/bin/c++   -I/usr/include/qt4  -DKDU_NO_THREADS     -o CMakeFiles/cmTC_00e08.dir/CheckSymbolExists.cxx.o -c /work/build/CMakeFiles/CMakeTmp/CheckSymbolExists.cxx
/work/build/CMakeFiles/CMakeTmp/CheckSymbolExists.cxx: In function 'int main(int, char**)':
/work/build/CMakeFiles/CMakeTmp/CheckSymbolExists.cxx:8:19: error: 'Q_WS_WIN' was not declared in this scope
    8 |   return ((int*)(&Q_WS_WIN))[argc];
      |                   ^~~~~~~~
make[1]: *** [CMakeFiles/cmTC_00e08.dir/build.make:66: CMakeFiles/cmTC_00e08.dir/CheckSymbolExists.cxx.o] Error 1
make[1]: Leaving directory '/work/build/CMakeFiles/CMakeTmp'
make: *** [Makefile:121: cmTC_00e08/fast] Error 2


File /work/build/CMakeFiles/CMakeTmp/CheckSymbolExists.cxx:
/* */
#include <QtCore/qglobal.h>

int main(int argc, char** argv)
{
  (void)argv;
#ifndef Q_WS_WIN
  return ((int*)(&Q_WS_WIN))[argc];
#else
  (void)argc;
  return 0;
#endif
}
Determining if the Q_WS_QWS exist failed with the following output:
Change Dir: /work/build/CMakeFiles/CMakeTmp

Run Build Command(s):/usr/bin/make cmTC_5f636/fast && /usr/bin/make -f CMakeFiles/cmTC_5f636.dir/build.make CMakeFiles/cmTC_5f636.dir/build
make[1]: Entering directory '/work/build/CMakeFiles/CMakeTmp'
Building CXX object CMakeFiles/cmTC_5f636.dir/CheckSymbolExists.cxx.o
/usr/bin/c++   -I/usr/include/qt4  -DKDU_NO_THREADS     -o CMakeFiles/cmTC_5f636.dir/CheckSymbolExists.cxx.o -c /work/build/CMakeFiles/CMakeTmp/CheckSymbolExists.cxx
/work/build/CMakeFiles/CMakeTmp/CheckSymbolExists.cxx: In function 'int main(int, char**)':
/work/build/CMakeFiles/CMakeTmp/CheckSymbolExists.cxx:8:19: error: 'Q_WS_QWS' was not declared in this scope
    8 |   return ((int*)(&Q_WS_QWS))[argc];
      |                   ^~~~~~~~
make[1]: *** [CMakeFiles/cmTC_5f636.dir/build.make:66: CMakeFiles/cmTC_5f636.dir/CheckSymbolExists.cxx.o] Error 1
make[1]: Leaving directory '/work/build/CMakeFiles/CMakeTmp'
make: *** [Makefile:121: cmTC_5f636/fast] Error 2


File /work/build/CMakeFiles/CMakeTmp/CheckSymbolExists.cxx:
/* */
#include <QtCore/qglobal.h>

int main(int argc, char** argv)
{
  (void)argv;
#ifndef Q_WS_QWS
  return ((int*)(&Q_WS_QWS))[argc];
#else
  (void)argc;
  return 0;
#endif
}
Determining if the Q_WS_MAC exist failed with the following output:
Change Dir: /work/build/CMakeFiles/CMakeTmp

Run Build Command(s):/usr/bin/make cmTC_7be50/fast && /usr/bin/make -f CMakeFiles/cmTC_7be50.dir/build.make CMakeFiles/cmTC_7be50.dir/build
make[1]: Entering directory '/work/build/CMakeFiles/CMakeTmp'
Building CXX object CMakeFiles/cmTC_7be50.dir/CheckSymbolExists.cxx.o
/usr/bin/c++   -I/usr/include/qt4  -DKDU_NO_THREADS     -o CMakeFiles/cmTC_7be50.dir/CheckSymbolExists.cxx.o -c /work/build/CMakeFiles/CMakeTmp/CheckSymbolExists.cxx
/work/build/CMakeFiles/CMakeTmp/CheckSymbolExists.cxx: In function 'int main(int, char**)':
/work/build/CMakeFiles/CMakeTmp/CheckSymbolExists.cxx:8:19: error: 'Q_WS_MAC' was not declared in this scope
    8 |   return ((int*)(&Q_WS_MAC))[argc];
      |                   ^~~~~~~~
make[1]: *** [CMakeFiles/cmTC_7be50.dir/build.make:66: CMakeFiles/cmTC_7be50.dir/CheckSymbolExists.cxx.o] Error 1
make[1]: Leaving directory '/work/build/CMakeFiles/CMakeTmp'
make: *** [Makefile:121: cmTC_7be50/fast] Error 2


File /work/build/CMakeFiles/CMakeTmp/CheckSymbolExists.cxx:
/* */
#include <QtCore/qglobal.h>

int main(int argc, char** argv)
{
  (void)argv;
#ifndef Q_WS_MAC
  return ((int*)(&Q_WS_MAC))[argc];
#else
  (void)argc;
  return 0;
#endif
}
